[2024-01-05T02:55:17.285+0300] {taskinstance.py:1090} INFO - Dependencies all met for dep_context=non-requeueable deps ti=<TaskInstance: youtube_comments_score.process_data scheduled__2022-12-31T02:30:00+00:00 [queued]>
[2024-01-05T02:55:17.291+0300] {taskinstance.py:1090} INFO - Dependencies all met for dep_context=requeueable deps ti=<TaskInstance: youtube_comments_score.process_data scheduled__2022-12-31T02:30:00+00:00 [queued]>
[2024-01-05T02:55:17.291+0300] {taskinstance.py:1288} INFO - 
--------------------------------------------------------------------------------
[2024-01-05T02:55:17.291+0300] {taskinstance.py:1289} INFO - Starting attempt 1 of 2
[2024-01-05T02:55:17.291+0300] {taskinstance.py:1290} INFO - 
--------------------------------------------------------------------------------
[2024-01-05T02:55:17.302+0300] {taskinstance.py:1309} INFO - Executing <Task(BashOperator): process_data> on 2022-12-31 02:30:00+00:00
[2024-01-05T02:55:17.304+0300] {standard_task_runner.py:55} INFO - Started process 137222 to run task
[2024-01-05T02:55:17.308+0300] {standard_task_runner.py:82} INFO - Running: ['airflow', 'tasks', 'run', 'youtube_comments_score', 'process_data', 'scheduled__2022-12-31T02:30:00+00:00', '--job-id', '224', '--raw', '--subdir', 'DAGS_FOLDER/youtube_comments_score.py', '--cfg-path', '/tmp/tmpp8l6p7qf']
[2024-01-05T02:55:17.309+0300] {standard_task_runner.py:83} INFO - Job 224: Subtask process_data
[2024-01-05T02:55:17.431+0300] {task_command.py:389} INFO - Running <TaskInstance: youtube_comments_score.process_data scheduled__2022-12-31T02:30:00+00:00 [running]> on host prod-srv
[2024-01-05T02:55:17.517+0300] {taskinstance.py:1516} INFO - Exporting the following env vars:
AIRFLOW_CTX_DAG_OWNER=admin
AIRFLOW_CTX_DAG_ID=youtube_comments_score
AIRFLOW_CTX_TASK_ID=process_data
AIRFLOW_CTX_EXECUTION_DATE=2022-12-31T02:30:00+00:00
AIRFLOW_CTX_TRY_NUMBER=1
AIRFLOW_CTX_DAG_RUN_ID=scheduled__2022-12-31T02:30:00+00:00
[2024-01-05T02:55:17.518+0300] {subprocess.py:63} INFO - Tmp dir root location: 
 /tmp
[2024-01-05T02:55:17.518+0300] {subprocess.py:75} INFO - Running command: ['/usr/bin/bash', '-c', 'python3 /home/igor/xflow/scripts/process_data.py']
[2024-01-05T02:55:17.523+0300] {subprocess.py:86} INFO - Output:
[2024-01-05T02:55:17.913+0300] {subprocess.py:97} INFO - Command exited with return code 0
[2024-01-05T02:55:17.953+0300] {taskinstance.py:1327} INFO - Marking task as SUCCESS. dag_id=youtube_comments_score, task_id=process_data, execution_date=20221231T023000, start_date=20240104T235517, end_date=20240104T235517
[2024-01-05T02:55:18.003+0300] {local_task_job.py:212} INFO - Task exited with return code 0
[2024-01-05T02:55:18.033+0300] {taskinstance.py:2596} INFO - 1 downstream tasks scheduled from follow-on schedule check
