[2024-01-05T02:46:53.442+0300] {taskinstance.py:1090} INFO - Dependencies all met for dep_context=non-requeueable deps ti=<TaskInstance: youtube_comments_score.process_data scheduled__2022-12-10T11:05:00+00:00 [queued]>
[2024-01-05T02:46:53.447+0300] {taskinstance.py:1090} INFO - Dependencies all met for dep_context=requeueable deps ti=<TaskInstance: youtube_comments_score.process_data scheduled__2022-12-10T11:05:00+00:00 [queued]>
[2024-01-05T02:46:53.448+0300] {taskinstance.py:1288} INFO - 
--------------------------------------------------------------------------------
[2024-01-05T02:46:53.448+0300] {taskinstance.py:1289} INFO - Starting attempt 1 of 2
[2024-01-05T02:46:53.448+0300] {taskinstance.py:1290} INFO - 
--------------------------------------------------------------------------------
[2024-01-05T02:46:53.457+0300] {taskinstance.py:1309} INFO - Executing <Task(BashOperator): process_data> on 2022-12-10 11:05:00+00:00
[2024-01-05T02:46:53.460+0300] {standard_task_runner.py:55} INFO - Started process 118554 to run task
[2024-01-05T02:46:53.464+0300] {standard_task_runner.py:82} INFO - Running: ['airflow', 'tasks', 'run', 'youtube_comments_score', 'process_data', 'scheduled__2022-12-10T11:05:00+00:00', '--job-id', '104', '--raw', '--subdir', 'DAGS_FOLDER/youtube_comments_score.py', '--cfg-path', '/tmp/tmp57565hi8']
[2024-01-05T02:46:53.465+0300] {standard_task_runner.py:83} INFO - Job 104: Subtask process_data
[2024-01-05T02:46:53.552+0300] {task_command.py:389} INFO - Running <TaskInstance: youtube_comments_score.process_data scheduled__2022-12-10T11:05:00+00:00 [running]> on host prod-srv
[2024-01-05T02:46:53.629+0300] {taskinstance.py:1516} INFO - Exporting the following env vars:
AIRFLOW_CTX_DAG_OWNER=admin
AIRFLOW_CTX_DAG_ID=youtube_comments_score
AIRFLOW_CTX_TASK_ID=process_data
AIRFLOW_CTX_EXECUTION_DATE=2022-12-10T11:05:00+00:00
AIRFLOW_CTX_TRY_NUMBER=1
AIRFLOW_CTX_DAG_RUN_ID=scheduled__2022-12-10T11:05:00+00:00
[2024-01-05T02:46:53.629+0300] {subprocess.py:63} INFO - Tmp dir root location: 
 /tmp
[2024-01-05T02:46:53.630+0300] {subprocess.py:75} INFO - Running command: ['/usr/bin/bash', '-c', 'python3 /home/igor/xflow/scripts/process_data.py']
[2024-01-05T02:46:53.639+0300] {subprocess.py:86} INFO - Output:
[2024-01-05T02:46:54.035+0300] {subprocess.py:97} INFO - Command exited with return code 0
[2024-01-05T02:46:54.074+0300] {taskinstance.py:1327} INFO - Marking task as SUCCESS. dag_id=youtube_comments_score, task_id=process_data, execution_date=20221210T110500, start_date=20240104T234653, end_date=20240104T234654
[2024-01-05T02:46:54.125+0300] {local_task_job.py:212} INFO - Task exited with return code 0
[2024-01-05T02:46:54.157+0300] {taskinstance.py:2596} INFO - 1 downstream tasks scheduled from follow-on schedule check
