[2024-01-05T02:58:34.894+0300] {taskinstance.py:1090} INFO - Dependencies all met for dep_context=non-requeueable deps ti=<TaskInstance: youtube_comments_score.process_data scheduled__2022-12-31T11:30:00+00:00 [queued]>
[2024-01-05T02:58:34.900+0300] {taskinstance.py:1090} INFO - Dependencies all met for dep_context=requeueable deps ti=<TaskInstance: youtube_comments_score.process_data scheduled__2022-12-31T11:30:00+00:00 [queued]>
[2024-01-05T02:58:34.900+0300] {taskinstance.py:1288} INFO - 
--------------------------------------------------------------------------------
[2024-01-05T02:58:34.900+0300] {taskinstance.py:1289} INFO - Starting attempt 1 of 2
[2024-01-05T02:58:34.900+0300] {taskinstance.py:1290} INFO - 
--------------------------------------------------------------------------------
[2024-01-05T02:58:34.910+0300] {taskinstance.py:1309} INFO - Executing <Task(BashOperator): process_data> on 2022-12-31 11:30:00+00:00
[2024-01-05T02:58:34.913+0300] {standard_task_runner.py:55} INFO - Started process 144750 to run task
[2024-01-05T02:58:34.917+0300] {standard_task_runner.py:82} INFO - Running: ['airflow', 'tasks', 'run', 'youtube_comments_score', 'process_data', 'scheduled__2022-12-31T11:30:00+00:00', '--job-id', '274', '--raw', '--subdir', 'DAGS_FOLDER/youtube_comments_score.py', '--cfg-path', '/tmp/tmpooiib89h']
[2024-01-05T02:58:34.918+0300] {standard_task_runner.py:83} INFO - Job 274: Subtask process_data
[2024-01-05T02:58:35.004+0300] {task_command.py:389} INFO - Running <TaskInstance: youtube_comments_score.process_data scheduled__2022-12-31T11:30:00+00:00 [running]> on host prod-srv
[2024-01-05T02:58:35.084+0300] {taskinstance.py:1516} INFO - Exporting the following env vars:
AIRFLOW_CTX_DAG_OWNER=admin
AIRFLOW_CTX_DAG_ID=youtube_comments_score
AIRFLOW_CTX_TASK_ID=process_data
AIRFLOW_CTX_EXECUTION_DATE=2022-12-31T11:30:00+00:00
AIRFLOW_CTX_TRY_NUMBER=1
AIRFLOW_CTX_DAG_RUN_ID=scheduled__2022-12-31T11:30:00+00:00
[2024-01-05T02:58:35.085+0300] {subprocess.py:63} INFO - Tmp dir root location: 
 /tmp
[2024-01-05T02:58:35.085+0300] {subprocess.py:75} INFO - Running command: ['/usr/bin/bash', '-c', 'python3 /home/igor/xflow/scripts/process_data.py']
[2024-01-05T02:58:35.091+0300] {subprocess.py:86} INFO - Output:
[2024-01-05T02:58:35.456+0300] {subprocess.py:97} INFO - Command exited with return code 0
[2024-01-05T02:58:35.497+0300] {taskinstance.py:1327} INFO - Marking task as SUCCESS. dag_id=youtube_comments_score, task_id=process_data, execution_date=20221231T113000, start_date=20240104T235834, end_date=20240104T235835
[2024-01-05T02:58:35.529+0300] {local_task_job.py:212} INFO - Task exited with return code 0
[2024-01-05T02:58:35.573+0300] {taskinstance.py:2596} INFO - 1 downstream tasks scheduled from follow-on schedule check
