[2024-01-05T02:49:15.417+0300] {taskinstance.py:1090} INFO - Dependencies all met for dep_context=non-requeueable deps ti=<TaskInstance: youtube_comments_score.get_data scheduled__2022-12-19T11:05:00+00:00 [queued]>
[2024-01-05T02:49:15.423+0300] {taskinstance.py:1090} INFO - Dependencies all met for dep_context=requeueable deps ti=<TaskInstance: youtube_comments_score.get_data scheduled__2022-12-19T11:05:00+00:00 [queued]>
[2024-01-05T02:49:15.423+0300] {taskinstance.py:1288} INFO - 
--------------------------------------------------------------------------------
[2024-01-05T02:49:15.423+0300] {taskinstance.py:1289} INFO - Starting attempt 1 of 2
[2024-01-05T02:49:15.424+0300] {taskinstance.py:1290} INFO - 
--------------------------------------------------------------------------------
[2024-01-05T02:49:15.433+0300] {taskinstance.py:1309} INFO - Executing <Task(BashOperator): get_data> on 2022-12-19 11:05:00+00:00
[2024-01-05T02:49:15.435+0300] {standard_task_runner.py:55} INFO - Started process 123817 to run task
[2024-01-05T02:49:15.439+0300] {standard_task_runner.py:82} INFO - Running: ['airflow', 'tasks', 'run', 'youtube_comments_score', 'get_data', 'scheduled__2022-12-19T11:05:00+00:00', '--job-id', '143', '--raw', '--subdir', 'DAGS_FOLDER/youtube_comments_score.py', '--cfg-path', '/tmp/tmp2ac425e7']
[2024-01-05T02:49:15.440+0300] {standard_task_runner.py:83} INFO - Job 143: Subtask get_data
[2024-01-05T02:49:15.527+0300] {task_command.py:389} INFO - Running <TaskInstance: youtube_comments_score.get_data scheduled__2022-12-19T11:05:00+00:00 [running]> on host prod-srv
[2024-01-05T02:49:15.608+0300] {taskinstance.py:1516} INFO - Exporting the following env vars:
AIRFLOW_CTX_DAG_OWNER=admin
AIRFLOW_CTX_DAG_ID=youtube_comments_score
AIRFLOW_CTX_TASK_ID=get_data
AIRFLOW_CTX_EXECUTION_DATE=2022-12-19T11:05:00+00:00
AIRFLOW_CTX_TRY_NUMBER=1
AIRFLOW_CTX_DAG_RUN_ID=scheduled__2022-12-19T11:05:00+00:00
[2024-01-05T02:49:15.608+0300] {subprocess.py:63} INFO - Tmp dir root location: 
 /tmp
[2024-01-05T02:49:15.609+0300] {subprocess.py:75} INFO - Running command: ['/usr/bin/bash', '-c', 'python3 /home/igor/xflow/scripts/get_data.py']
[2024-01-05T02:49:15.614+0300] {subprocess.py:86} INFO - Output:
[2024-01-05T02:49:19.430+0300] {subprocess.py:97} INFO - Command exited with return code 0
[2024-01-05T02:49:19.470+0300] {taskinstance.py:1327} INFO - Marking task as SUCCESS. dag_id=youtube_comments_score, task_id=get_data, execution_date=20221219T110500, start_date=20240104T234915, end_date=20240104T234919
[2024-01-05T02:49:19.515+0300] {local_task_job.py:212} INFO - Task exited with return code 0
[2024-01-05T02:49:19.548+0300] {taskinstance.py:2596} INFO - 1 downstream tasks scheduled from follow-on schedule check
