[2024-01-05T03:01:19.110+0300] {taskinstance.py:1090} INFO - Dependencies all met for dep_context=non-requeueable deps ti=<TaskInstance: youtube_comments_score.train_model scheduled__2022-12-31T19:30:00+00:00 [queued]>
[2024-01-05T03:01:19.119+0300] {taskinstance.py:1090} INFO - Dependencies all met for dep_context=requeueable deps ti=<TaskInstance: youtube_comments_score.train_model scheduled__2022-12-31T19:30:00+00:00 [queued]>
[2024-01-05T03:01:19.119+0300] {taskinstance.py:1288} INFO - 
--------------------------------------------------------------------------------
[2024-01-05T03:01:19.119+0300] {taskinstance.py:1289} INFO - Starting attempt 1 of 2
[2024-01-05T03:01:19.119+0300] {taskinstance.py:1290} INFO - 
--------------------------------------------------------------------------------
[2024-01-05T03:01:19.131+0300] {taskinstance.py:1309} INFO - Executing <Task(BashOperator): train_model> on 2022-12-31 19:30:00+00:00
[2024-01-05T03:01:19.133+0300] {standard_task_runner.py:55} INFO - Started process 150606 to run task
[2024-01-05T03:01:19.137+0300] {standard_task_runner.py:82} INFO - Running: ['airflow', 'tasks', 'run', 'youtube_comments_score', 'train_model', 'scheduled__2022-12-31T19:30:00+00:00', '--job-id', '316', '--raw', '--subdir', 'DAGS_FOLDER/youtube_comments_score.py', '--cfg-path', '/tmp/tmpdauf519n']
[2024-01-05T03:01:19.138+0300] {standard_task_runner.py:83} INFO - Job 316: Subtask train_model
[2024-01-05T03:01:19.237+0300] {task_command.py:389} INFO - Running <TaskInstance: youtube_comments_score.train_model scheduled__2022-12-31T19:30:00+00:00 [running]> on host prod-srv
[2024-01-05T03:01:19.321+0300] {taskinstance.py:1516} INFO - Exporting the following env vars:
AIRFLOW_CTX_DAG_OWNER=admin
AIRFLOW_CTX_DAG_ID=youtube_comments_score
AIRFLOW_CTX_TASK_ID=train_model
AIRFLOW_CTX_EXECUTION_DATE=2022-12-31T19:30:00+00:00
AIRFLOW_CTX_TRY_NUMBER=1
AIRFLOW_CTX_DAG_RUN_ID=scheduled__2022-12-31T19:30:00+00:00
[2024-01-05T03:01:19.321+0300] {subprocess.py:63} INFO - Tmp dir root location: 
 /tmp
[2024-01-05T03:01:19.321+0300] {subprocess.py:75} INFO - Running command: ['/usr/bin/bash', '-c', 'python3 /home/igor/xflow/scripts/train_model.py']
[2024-01-05T03:01:19.327+0300] {subprocess.py:86} INFO - Output:
[2024-01-05T03:01:21.966+0300] {subprocess.py:93} INFO - Registered model 'lr' already exists. Creating a new version of this model...
[2024-01-05T03:01:22.038+0300] {subprocess.py:93} INFO - Created version '66' of model 'lr'.
[2024-01-05T03:01:22.277+0300] {subprocess.py:97} INFO - Command exited with return code 0
[2024-01-05T03:01:22.315+0300] {taskinstance.py:1327} INFO - Marking task as SUCCESS. dag_id=youtube_comments_score, task_id=train_model, execution_date=20221231T193000, start_date=20240105T000119, end_date=20240105T000122
[2024-01-05T03:01:22.328+0300] {local_task_job.py:212} INFO - Task exited with return code 0
[2024-01-05T03:01:22.354+0300] {taskinstance.py:2596} INFO - 1 downstream tasks scheduled from follow-on schedule check
