[2024-01-05T02:57:36.429+0300] {taskinstance.py:1090} INFO - Dependencies all met for dep_context=non-requeueable deps ti=<TaskInstance: youtube_comments_score.process_data scheduled__2022-12-31T09:30:00+00:00 [queued]>
[2024-01-05T02:57:36.438+0300] {taskinstance.py:1090} INFO - Dependencies all met for dep_context=requeueable deps ti=<TaskInstance: youtube_comments_score.process_data scheduled__2022-12-31T09:30:00+00:00 [queued]>
[2024-01-05T02:57:36.438+0300] {taskinstance.py:1288} INFO - 
--------------------------------------------------------------------------------
[2024-01-05T02:57:36.438+0300] {taskinstance.py:1289} INFO - Starting attempt 1 of 2
[2024-01-05T02:57:36.438+0300] {taskinstance.py:1290} INFO - 
--------------------------------------------------------------------------------
[2024-01-05T02:57:36.451+0300] {taskinstance.py:1309} INFO - Executing <Task(BashOperator): process_data> on 2022-12-31 09:30:00+00:00
[2024-01-05T02:57:36.453+0300] {standard_task_runner.py:55} INFO - Started process 142429 to run task
[2024-01-05T02:57:36.464+0300] {standard_task_runner.py:82} INFO - Running: ['airflow', 'tasks', 'run', 'youtube_comments_score', 'process_data', 'scheduled__2022-12-31T09:30:00+00:00', '--job-id', '259', '--raw', '--subdir', 'DAGS_FOLDER/youtube_comments_score.py', '--cfg-path', '/tmp/tmplxnkjwbt']
[2024-01-05T02:57:36.465+0300] {standard_task_runner.py:83} INFO - Job 259: Subtask process_data
[2024-01-05T02:57:36.565+0300] {task_command.py:389} INFO - Running <TaskInstance: youtube_comments_score.process_data scheduled__2022-12-31T09:30:00+00:00 [running]> on host prod-srv
[2024-01-05T02:57:36.651+0300] {taskinstance.py:1516} INFO - Exporting the following env vars:
AIRFLOW_CTX_DAG_OWNER=admin
AIRFLOW_CTX_DAG_ID=youtube_comments_score
AIRFLOW_CTX_TASK_ID=process_data
AIRFLOW_CTX_EXECUTION_DATE=2022-12-31T09:30:00+00:00
AIRFLOW_CTX_TRY_NUMBER=1
AIRFLOW_CTX_DAG_RUN_ID=scheduled__2022-12-31T09:30:00+00:00
[2024-01-05T02:57:36.652+0300] {subprocess.py:63} INFO - Tmp dir root location: 
 /tmp
[2024-01-05T02:57:36.652+0300] {subprocess.py:75} INFO - Running command: ['/usr/bin/bash', '-c', 'python3 /home/igor/xflow/scripts/process_data.py']
[2024-01-05T02:57:36.658+0300] {subprocess.py:86} INFO - Output:
[2024-01-05T02:57:37.030+0300] {subprocess.py:97} INFO - Command exited with return code 0
[2024-01-05T02:57:37.078+0300] {taskinstance.py:1327} INFO - Marking task as SUCCESS. dag_id=youtube_comments_score, task_id=process_data, execution_date=20221231T093000, start_date=20240104T235736, end_date=20240104T235737
[2024-01-05T02:57:37.123+0300] {local_task_job.py:212} INFO - Task exited with return code 0
[2024-01-05T02:57:37.153+0300] {taskinstance.py:2596} INFO - 1 downstream tasks scheduled from follow-on schedule check
