[2024-01-05T02:39:45.587+0300] {taskinstance.py:1090} INFO - Dependencies all met for dep_context=non-requeueable deps ti=<TaskInstance: youtube_comments_score.process_data scheduled__2022-12-01T04:05:00+00:00 [queued]>
[2024-01-05T02:39:45.594+0300] {taskinstance.py:1090} INFO - Dependencies all met for dep_context=requeueable deps ti=<TaskInstance: youtube_comments_score.process_data scheduled__2022-12-01T04:05:00+00:00 [queued]>
[2024-01-05T02:39:45.594+0300] {taskinstance.py:1288} INFO - 
--------------------------------------------------------------------------------
[2024-01-05T02:39:45.595+0300] {taskinstance.py:1289} INFO - Starting attempt 1 of 2
[2024-01-05T02:39:45.595+0300] {taskinstance.py:1290} INFO - 
--------------------------------------------------------------------------------
[2024-01-05T02:39:45.605+0300] {taskinstance.py:1309} INFO - Executing <Task(BashOperator): process_data> on 2022-12-01 04:05:00+00:00
[2024-01-05T02:39:45.607+0300] {standard_task_runner.py:55} INFO - Started process 103466 to run task
[2024-01-05T02:39:45.612+0300] {standard_task_runner.py:82} INFO - Running: ['airflow', 'tasks', 'run', 'youtube_comments_score', 'process_data', 'scheduled__2022-12-01T04:05:00+00:00', '--job-id', '24', '--raw', '--subdir', 'DAGS_FOLDER/youtube_comments_score.py', '--cfg-path', '/tmp/tmpig32770f']
[2024-01-05T02:39:45.613+0300] {standard_task_runner.py:83} INFO - Job 24: Subtask process_data
[2024-01-05T02:39:45.726+0300] {task_command.py:389} INFO - Running <TaskInstance: youtube_comments_score.process_data scheduled__2022-12-01T04:05:00+00:00 [running]> on host prod-srv
[2024-01-05T02:39:45.811+0300] {taskinstance.py:1516} INFO - Exporting the following env vars:
AIRFLOW_CTX_DAG_OWNER=admin
AIRFLOW_CTX_DAG_ID=youtube_comments_score
AIRFLOW_CTX_TASK_ID=process_data
AIRFLOW_CTX_EXECUTION_DATE=2022-12-01T04:05:00+00:00
AIRFLOW_CTX_TRY_NUMBER=1
AIRFLOW_CTX_DAG_RUN_ID=scheduled__2022-12-01T04:05:00+00:00
[2024-01-05T02:39:45.812+0300] {subprocess.py:63} INFO - Tmp dir root location: 
 /tmp
[2024-01-05T02:39:45.812+0300] {subprocess.py:75} INFO - Running command: ['/usr/bin/bash', '-c', 'python3 /home/igor/xflow/scripts/process_data.py']
[2024-01-05T02:39:45.818+0300] {subprocess.py:86} INFO - Output:
[2024-01-05T02:39:46.194+0300] {subprocess.py:97} INFO - Command exited with return code 0
[2024-01-05T02:39:46.233+0300] {taskinstance.py:1327} INFO - Marking task as SUCCESS. dag_id=youtube_comments_score, task_id=process_data, execution_date=20221201T040500, start_date=20240104T233945, end_date=20240104T233946
[2024-01-05T02:39:46.264+0300] {local_task_job.py:212} INFO - Task exited with return code 0
[2024-01-05T02:39:46.295+0300] {taskinstance.py:2596} INFO - 1 downstream tasks scheduled from follow-on schedule check
