[2024-01-05T02:39:00.319+0300] {taskinstance.py:1090} INFO - Dependencies all met for dep_context=non-requeueable deps ti=<TaskInstance: youtube_comments_score.get_data scheduled__2022-12-01T02:05:00+00:00 [queued]>
[2024-01-05T02:39:00.324+0300] {taskinstance.py:1090} INFO - Dependencies all met for dep_context=requeueable deps ti=<TaskInstance: youtube_comments_score.get_data scheduled__2022-12-01T02:05:00+00:00 [queued]>
[2024-01-05T02:39:00.325+0300] {taskinstance.py:1288} INFO - 
--------------------------------------------------------------------------------
[2024-01-05T02:39:00.325+0300] {taskinstance.py:1289} INFO - Starting attempt 1 of 2
[2024-01-05T02:39:00.325+0300] {taskinstance.py:1290} INFO - 
--------------------------------------------------------------------------------
[2024-01-05T02:39:00.334+0300] {taskinstance.py:1309} INFO - Executing <Task(BashOperator): get_data> on 2022-12-01 02:05:00+00:00
[2024-01-05T02:39:00.337+0300] {standard_task_runner.py:55} INFO - Started process 101862 to run task
[2024-01-05T02:39:00.341+0300] {standard_task_runner.py:82} INFO - Running: ['airflow', 'tasks', 'run', 'youtube_comments_score', 'get_data', 'scheduled__2022-12-01T02:05:00+00:00', '--job-id', '13', '--raw', '--subdir', 'DAGS_FOLDER/youtube_comments_score.py', '--cfg-path', '/tmp/tmpoq8j_l3d']
[2024-01-05T02:39:00.342+0300] {standard_task_runner.py:83} INFO - Job 13: Subtask get_data
[2024-01-05T02:39:00.428+0300] {task_command.py:389} INFO - Running <TaskInstance: youtube_comments_score.get_data scheduled__2022-12-01T02:05:00+00:00 [running]> on host prod-srv
[2024-01-05T02:39:00.514+0300] {taskinstance.py:1516} INFO - Exporting the following env vars:
AIRFLOW_CTX_DAG_OWNER=admin
AIRFLOW_CTX_DAG_ID=youtube_comments_score
AIRFLOW_CTX_TASK_ID=get_data
AIRFLOW_CTX_EXECUTION_DATE=2022-12-01T02:05:00+00:00
AIRFLOW_CTX_TRY_NUMBER=1
AIRFLOW_CTX_DAG_RUN_ID=scheduled__2022-12-01T02:05:00+00:00
[2024-01-05T02:39:00.515+0300] {subprocess.py:63} INFO - Tmp dir root location: 
 /tmp
[2024-01-05T02:39:00.515+0300] {subprocess.py:75} INFO - Running command: ['/usr/bin/bash', '-c', 'python3 /home/igor/xflow/scripts/get_data.py']
[2024-01-05T02:39:00.521+0300] {subprocess.py:86} INFO - Output:
[2024-01-05T02:39:04.589+0300] {subprocess.py:97} INFO - Command exited with return code 0
[2024-01-05T02:39:04.628+0300] {taskinstance.py:1327} INFO - Marking task as SUCCESS. dag_id=youtube_comments_score, task_id=get_data, execution_date=20221201T020500, start_date=20240104T233900, end_date=20240104T233904
[2024-01-05T02:39:04.666+0300] {local_task_job.py:212} INFO - Task exited with return code 0
[2024-01-05T02:39:04.697+0300] {taskinstance.py:2596} INFO - 1 downstream tasks scheduled from follow-on schedule check
