[2024-01-05T03:05:56.692+0300] {taskinstance.py:1090} INFO - Dependencies all met for dep_context=non-requeueable deps ti=<TaskInstance: youtube_comments_score.get_data scheduled__2023-01-01T10:30:00+00:00 [queued]>
[2024-01-05T03:05:56.698+0300] {taskinstance.py:1090} INFO - Dependencies all met for dep_context=requeueable deps ti=<TaskInstance: youtube_comments_score.get_data scheduled__2023-01-01T10:30:00+00:00 [queued]>
[2024-01-05T03:05:56.698+0300] {taskinstance.py:1288} INFO - 
--------------------------------------------------------------------------------
[2024-01-05T03:05:56.698+0300] {taskinstance.py:1289} INFO - Starting attempt 1 of 2
[2024-01-05T03:05:56.698+0300] {taskinstance.py:1290} INFO - 
--------------------------------------------------------------------------------
[2024-01-05T03:05:56.708+0300] {taskinstance.py:1309} INFO - Executing <Task(BashOperator): get_data> on 2023-01-01 10:30:00+00:00
[2024-01-05T03:05:56.711+0300] {standard_task_runner.py:55} INFO - Started process 160622 to run task
[2024-01-05T03:05:56.714+0300] {standard_task_runner.py:82} INFO - Running: ['airflow', 'tasks', 'run', 'youtube_comments_score', 'get_data', 'scheduled__2023-01-01T10:30:00+00:00', '--job-id', '388', '--raw', '--subdir', 'DAGS_FOLDER/youtube_comments_score.py', '--cfg-path', '/tmp/tmpkrqkau8h']
[2024-01-05T03:05:56.715+0300] {standard_task_runner.py:83} INFO - Job 388: Subtask get_data
[2024-01-05T03:05:56.803+0300] {task_command.py:389} INFO - Running <TaskInstance: youtube_comments_score.get_data scheduled__2023-01-01T10:30:00+00:00 [running]> on host prod-srv
[2024-01-05T03:05:56.882+0300] {taskinstance.py:1516} INFO - Exporting the following env vars:
AIRFLOW_CTX_DAG_OWNER=admin
AIRFLOW_CTX_DAG_ID=youtube_comments_score
AIRFLOW_CTX_TASK_ID=get_data
AIRFLOW_CTX_EXECUTION_DATE=2023-01-01T10:30:00+00:00
AIRFLOW_CTX_TRY_NUMBER=1
AIRFLOW_CTX_DAG_RUN_ID=scheduled__2023-01-01T10:30:00+00:00
[2024-01-05T03:05:56.883+0300] {subprocess.py:63} INFO - Tmp dir root location: 
 /tmp
[2024-01-05T03:05:56.883+0300] {subprocess.py:75} INFO - Running command: ['/usr/bin/bash', '-c', 'python3 /home/igor/xflow/scripts/get_data.py']
[2024-01-05T03:05:56.888+0300] {subprocess.py:86} INFO - Output:
[2024-01-05T03:06:00.979+0300] {subprocess.py:97} INFO - Command exited with return code 0
[2024-01-05T03:06:01.018+0300] {taskinstance.py:1327} INFO - Marking task as SUCCESS. dag_id=youtube_comments_score, task_id=get_data, execution_date=20230101T103000, start_date=20240105T000556, end_date=20240105T000601
[2024-01-05T03:06:01.068+0300] {local_task_job.py:212} INFO - Task exited with return code 0
[2024-01-05T03:06:01.100+0300] {taskinstance.py:2596} INFO - 1 downstream tasks scheduled from follow-on schedule check
