[2024-01-05T03:06:07.100+0300] {taskinstance.py:1090} INFO - Dependencies all met for dep_context=non-requeueable deps ti=<TaskInstance: youtube_comments_score.train_model scheduled__2023-01-01T10:30:00+00:00 [queued]>
[2024-01-05T03:06:07.108+0300] {taskinstance.py:1090} INFO - Dependencies all met for dep_context=requeueable deps ti=<TaskInstance: youtube_comments_score.train_model scheduled__2023-01-01T10:30:00+00:00 [queued]>
[2024-01-05T03:06:07.108+0300] {taskinstance.py:1288} INFO - 
--------------------------------------------------------------------------------
[2024-01-05T03:06:07.108+0300] {taskinstance.py:1289} INFO - Starting attempt 1 of 2
[2024-01-05T03:06:07.108+0300] {taskinstance.py:1290} INFO - 
--------------------------------------------------------------------------------
[2024-01-05T03:06:07.118+0300] {taskinstance.py:1309} INFO - Executing <Task(BashOperator): train_model> on 2023-01-01 10:30:00+00:00
[2024-01-05T03:06:07.121+0300] {standard_task_runner.py:55} INFO - Started process 161016 to run task
[2024-01-05T03:06:07.124+0300] {standard_task_runner.py:82} INFO - Running: ['airflow', 'tasks', 'run', 'youtube_comments_score', 'train_model', 'scheduled__2023-01-01T10:30:00+00:00', '--job-id', '391', '--raw', '--subdir', 'DAGS_FOLDER/youtube_comments_score.py', '--cfg-path', '/tmp/tmpqlrs4nvv']
[2024-01-05T03:06:07.125+0300] {standard_task_runner.py:83} INFO - Job 391: Subtask train_model
[2024-01-05T03:06:07.211+0300] {task_command.py:389} INFO - Running <TaskInstance: youtube_comments_score.train_model scheduled__2023-01-01T10:30:00+00:00 [running]> on host prod-srv
[2024-01-05T03:06:07.293+0300] {taskinstance.py:1516} INFO - Exporting the following env vars:
AIRFLOW_CTX_DAG_OWNER=admin
AIRFLOW_CTX_DAG_ID=youtube_comments_score
AIRFLOW_CTX_TASK_ID=train_model
AIRFLOW_CTX_EXECUTION_DATE=2023-01-01T10:30:00+00:00
AIRFLOW_CTX_TRY_NUMBER=1
AIRFLOW_CTX_DAG_RUN_ID=scheduled__2023-01-01T10:30:00+00:00
[2024-01-05T03:06:07.293+0300] {subprocess.py:63} INFO - Tmp dir root location: 
 /tmp
[2024-01-05T03:06:07.294+0300] {subprocess.py:75} INFO - Running command: ['/usr/bin/bash', '-c', 'python3 /home/igor/xflow/scripts/train_model.py']
[2024-01-05T03:06:07.299+0300] {subprocess.py:86} INFO - Output:
[2024-01-05T03:06:09.927+0300] {subprocess.py:93} INFO - Registered model 'lr' already exists. Creating a new version of this model...
[2024-01-05T03:06:10.002+0300] {subprocess.py:93} INFO - Created version '81' of model 'lr'.
[2024-01-05T03:06:10.228+0300] {subprocess.py:97} INFO - Command exited with return code 0
[2024-01-05T03:06:10.269+0300] {taskinstance.py:1327} INFO - Marking task as SUCCESS. dag_id=youtube_comments_score, task_id=train_model, execution_date=20230101T103000, start_date=20240105T000607, end_date=20240105T000610
[2024-01-05T03:06:10.307+0300] {local_task_job.py:212} INFO - Task exited with return code 0
[2024-01-05T03:06:10.332+0300] {taskinstance.py:2596} INFO - 1 downstream tasks scheduled from follow-on schedule check
