[2024-01-05T02:49:38.357+0300] {taskinstance.py:1090} INFO - Dependencies all met for dep_context=non-requeueable deps ti=<TaskInstance: youtube_comments_score.process_data scheduled__2022-12-19T11:05:00+00:00 [queued]>
[2024-01-05T02:49:38.363+0300] {taskinstance.py:1090} INFO - Dependencies all met for dep_context=requeueable deps ti=<TaskInstance: youtube_comments_score.process_data scheduled__2022-12-19T11:05:00+00:00 [queued]>
[2024-01-05T02:49:38.363+0300] {taskinstance.py:1288} INFO - 
--------------------------------------------------------------------------------
[2024-01-05T02:49:38.363+0300] {taskinstance.py:1289} INFO - Starting attempt 1 of 2
[2024-01-05T02:49:38.363+0300] {taskinstance.py:1290} INFO - 
--------------------------------------------------------------------------------
[2024-01-05T02:49:38.376+0300] {taskinstance.py:1309} INFO - Executing <Task(BashOperator): process_data> on 2022-12-19 11:05:00+00:00
[2024-01-05T02:49:38.378+0300] {standard_task_runner.py:55} INFO - Started process 124662 to run task
[2024-01-05T02:49:38.380+0300] {standard_task_runner.py:82} INFO - Running: ['airflow', 'tasks', 'run', 'youtube_comments_score', 'process_data', 'scheduled__2022-12-19T11:05:00+00:00', '--job-id', '149', '--raw', '--subdir', 'DAGS_FOLDER/youtube_comments_score.py', '--cfg-path', '/tmp/tmpxovmh9sr']
[2024-01-05T02:49:38.381+0300] {standard_task_runner.py:83} INFO - Job 149: Subtask process_data
[2024-01-05T02:49:38.482+0300] {task_command.py:389} INFO - Running <TaskInstance: youtube_comments_score.process_data scheduled__2022-12-19T11:05:00+00:00 [running]> on host prod-srv
[2024-01-05T02:49:38.563+0300] {taskinstance.py:1516} INFO - Exporting the following env vars:
AIRFLOW_CTX_DAG_OWNER=admin
AIRFLOW_CTX_DAG_ID=youtube_comments_score
AIRFLOW_CTX_TASK_ID=process_data
AIRFLOW_CTX_EXECUTION_DATE=2022-12-19T11:05:00+00:00
AIRFLOW_CTX_TRY_NUMBER=1
AIRFLOW_CTX_DAG_RUN_ID=scheduled__2022-12-19T11:05:00+00:00
[2024-01-05T02:49:38.564+0300] {subprocess.py:63} INFO - Tmp dir root location: 
 /tmp
[2024-01-05T02:49:38.564+0300] {subprocess.py:75} INFO - Running command: ['/usr/bin/bash', '-c', 'python3 /home/igor/xflow/scripts/process_data.py']
[2024-01-05T02:49:38.569+0300] {subprocess.py:86} INFO - Output:
[2024-01-05T02:49:38.950+0300] {subprocess.py:97} INFO - Command exited with return code 0
[2024-01-05T02:49:38.988+0300] {taskinstance.py:1327} INFO - Marking task as SUCCESS. dag_id=youtube_comments_score, task_id=process_data, execution_date=20221219T110500, start_date=20240104T234938, end_date=20240104T234938
[2024-01-05T02:49:39.036+0300] {local_task_job.py:212} INFO - Task exited with return code 0
[2024-01-05T02:49:39.066+0300] {taskinstance.py:2596} INFO - 1 downstream tasks scheduled from follow-on schedule check
