[2024-01-05T03:03:16.743+0300] {taskinstance.py:1090} INFO - Dependencies all met for dep_context=non-requeueable deps ti=<TaskInstance: youtube_comments_score.train_model scheduled__2023-01-01T01:30:00+00:00 [queued]>
[2024-01-05T03:03:16.749+0300] {taskinstance.py:1090} INFO - Dependencies all met for dep_context=requeueable deps ti=<TaskInstance: youtube_comments_score.train_model scheduled__2023-01-01T01:30:00+00:00 [queued]>
[2024-01-05T03:03:16.750+0300] {taskinstance.py:1288} INFO - 
--------------------------------------------------------------------------------
[2024-01-05T03:03:16.750+0300] {taskinstance.py:1289} INFO - Starting attempt 1 of 2
[2024-01-05T03:03:16.750+0300] {taskinstance.py:1290} INFO - 
--------------------------------------------------------------------------------
[2024-01-05T03:03:16.762+0300] {taskinstance.py:1309} INFO - Executing <Task(BashOperator): train_model> on 2023-01-01 01:30:00+00:00
[2024-01-05T03:03:16.764+0300] {standard_task_runner.py:55} INFO - Started process 154827 to run task
[2024-01-05T03:03:16.769+0300] {standard_task_runner.py:82} INFO - Running: ['airflow', 'tasks', 'run', 'youtube_comments_score', 'train_model', 'scheduled__2023-01-01T01:30:00+00:00', '--job-id', '346', '--raw', '--subdir', 'DAGS_FOLDER/youtube_comments_score.py', '--cfg-path', '/tmp/tmp1szt89x7']
[2024-01-05T03:03:16.770+0300] {standard_task_runner.py:83} INFO - Job 346: Subtask train_model
[2024-01-05T03:03:16.862+0300] {task_command.py:389} INFO - Running <TaskInstance: youtube_comments_score.train_model scheduled__2023-01-01T01:30:00+00:00 [running]> on host prod-srv
[2024-01-05T03:03:16.949+0300] {taskinstance.py:1516} INFO - Exporting the following env vars:
AIRFLOW_CTX_DAG_OWNER=admin
AIRFLOW_CTX_DAG_ID=youtube_comments_score
AIRFLOW_CTX_TASK_ID=train_model
AIRFLOW_CTX_EXECUTION_DATE=2023-01-01T01:30:00+00:00
AIRFLOW_CTX_TRY_NUMBER=1
AIRFLOW_CTX_DAG_RUN_ID=scheduled__2023-01-01T01:30:00+00:00
[2024-01-05T03:03:16.949+0300] {subprocess.py:63} INFO - Tmp dir root location: 
 /tmp
[2024-01-05T03:03:16.950+0300] {subprocess.py:75} INFO - Running command: ['/usr/bin/bash', '-c', 'python3 /home/igor/xflow/scripts/train_model.py']
[2024-01-05T03:03:16.958+0300] {subprocess.py:86} INFO - Output:
[2024-01-05T03:03:19.667+0300] {subprocess.py:93} INFO - Registered model 'lr' already exists. Creating a new version of this model...
[2024-01-05T03:03:19.743+0300] {subprocess.py:93} INFO - Created version '72' of model 'lr'.
[2024-01-05T03:03:19.999+0300] {subprocess.py:97} INFO - Command exited with return code 0
[2024-01-05T03:03:20.049+0300] {taskinstance.py:1327} INFO - Marking task as SUCCESS. dag_id=youtube_comments_score, task_id=train_model, execution_date=20230101T013000, start_date=20240105T000316, end_date=20240105T000320
[2024-01-05T03:03:20.074+0300] {local_task_job.py:212} INFO - Task exited with return code 0
[2024-01-05T03:03:20.102+0300] {taskinstance.py:2596} INFO - 1 downstream tasks scheduled from follow-on schedule check
