[2024-01-05T02:41:29.905+0300] {taskinstance.py:1090} INFO - Dependencies all met for dep_context=non-requeueable deps ti=<TaskInstance: youtube_comments_score.train_model scheduled__2022-12-01T09:05:00+00:00 [queued]>
[2024-01-05T02:41:29.912+0300] {taskinstance.py:1090} INFO - Dependencies all met for dep_context=requeueable deps ti=<TaskInstance: youtube_comments_score.train_model scheduled__2022-12-01T09:05:00+00:00 [queued]>
[2024-01-05T02:41:29.912+0300] {taskinstance.py:1288} INFO - 
--------------------------------------------------------------------------------
[2024-01-05T02:41:29.913+0300] {taskinstance.py:1289} INFO - Starting attempt 1 of 2
[2024-01-05T02:41:29.913+0300] {taskinstance.py:1290} INFO - 
--------------------------------------------------------------------------------
[2024-01-05T02:41:29.922+0300] {taskinstance.py:1309} INFO - Executing <Task(BashOperator): train_model> on 2022-12-01 09:05:00+00:00
[2024-01-05T02:41:29.925+0300] {standard_task_runner.py:55} INFO - Started process 107436 to run task
[2024-01-05T02:41:29.929+0300] {standard_task_runner.py:82} INFO - Running: ['airflow', 'tasks', 'run', 'youtube_comments_score', 'train_model', 'scheduled__2022-12-01T09:05:00+00:00', '--job-id', '51', '--raw', '--subdir', 'DAGS_FOLDER/youtube_comments_score.py', '--cfg-path', '/tmp/tmpgugi4aqo']
[2024-01-05T02:41:29.930+0300] {standard_task_runner.py:83} INFO - Job 51: Subtask train_model
[2024-01-05T02:41:30.016+0300] {task_command.py:389} INFO - Running <TaskInstance: youtube_comments_score.train_model scheduled__2022-12-01T09:05:00+00:00 [running]> on host prod-srv
[2024-01-05T02:41:30.099+0300] {taskinstance.py:1516} INFO - Exporting the following env vars:
AIRFLOW_CTX_DAG_OWNER=admin
AIRFLOW_CTX_DAG_ID=youtube_comments_score
AIRFLOW_CTX_TASK_ID=train_model
AIRFLOW_CTX_EXECUTION_DATE=2022-12-01T09:05:00+00:00
AIRFLOW_CTX_TRY_NUMBER=1
AIRFLOW_CTX_DAG_RUN_ID=scheduled__2022-12-01T09:05:00+00:00
[2024-01-05T02:41:30.099+0300] {subprocess.py:63} INFO - Tmp dir root location: 
 /tmp
[2024-01-05T02:41:30.101+0300] {subprocess.py:75} INFO - Running command: ['/usr/bin/bash', '-c', 'python3 /home/igor/xflow/scripts/train_model.py']
[2024-01-05T02:41:30.107+0300] {subprocess.py:86} INFO - Output:
[2024-01-05T02:41:32.771+0300] {subprocess.py:93} INFO - Registered model 'lr' already exists. Creating a new version of this model...
[2024-01-05T02:41:32.792+0300] {subprocess.py:93} INFO - Created version '13' of model 'lr'.
[2024-01-05T02:41:33.056+0300] {subprocess.py:97} INFO - Command exited with return code 0
[2024-01-05T02:41:33.095+0300] {taskinstance.py:1327} INFO - Marking task as SUCCESS. dag_id=youtube_comments_score, task_id=train_model, execution_date=20221201T090500, start_date=20240104T234129, end_date=20240104T234133
[2024-01-05T02:41:33.118+0300] {local_task_job.py:212} INFO - Task exited with return code 0
[2024-01-05T02:41:33.147+0300] {taskinstance.py:2596} INFO - 1 downstream tasks scheduled from follow-on schedule check
